INFO: 2022/06/17 09:42:56 authentication_grpc_api.go:51: Action: 29, Message: Login successfull
INFO: 2022/06/17 09:42:56 authentication_grpc_api.go:83: Action: 31, Message: User validation successfull
INFO: 2022/06/17 09:42:56 authentication_grpc_api.go:83: Action: 31, Message: User validation successfull
INFO: 2022/06/17 09:42:57 authentication_grpc_api.go:83: Action: 31, Message: User validation successfull
INFO: 2022/06/17 09:42:57 authentication_grpc_api.go:83: Action: 31, Message: User validation successfull
INFO: 2022/06/17 09:42:57 authentication_grpc_api.go:83: Action: 31, Message: User validation successfull
INFO: 2022/06/17 09:43:08 authentication_grpc_api.go:51: Action: 29, Message: Login successfull
INFO: 2022/06/17 09:43:08 authentication_grpc_api.go:83: Action: 31, Message: User validation successfull
INFO: 2022/06/17 09:43:08 authentication_grpc_api.go:83: Action: 31, Message: User validation successfull
INFO: 2022/06/17 09:43:08 authentication_grpc_api.go:83: Action: 31, Message: User validation successfull
INFO: 2022/06/17 09:43:08 authentication_grpc_api.go:83: Action: 31, Message: User validation successfull
INFO: 2022/06/17 09:43:08 authentication_grpc_api.go:83: Action: 31, Message: User validation successfull
INFO: 2022/06/17 09:43:12 authentication_grpc_api.go:83: Action: 31, Message: User validation successfull
INFO: 2022/06/17 09:43:12 authentication_grpc_api.go:83: Action: 31, Message: User validation successfull
INFO: 2022/06/17 09:43:12 authentication_grpc_api.go:83: Action: 31, Message: User validation successfull
INFO: 2022/06/17 09:43:12 authentication_grpc_api.go:83: Action: 31, Message: User validation successfull
INFO: 2022/06/17 09:43:12 authentication_grpc_api.go:83: Action: 31, Message: User validation successfull
INFO: 2022/06/17 09:43:12 authentication_grpc_api.go:83: Action: 31, Message: User validation successfull
INFO: 2022/06/17 09:43:51 authentication_grpc_api.go:51: Action: 29, Message: Login successfull
INFO: 2022/06/17 09:43:51 authentication_grpc_api.go:83: Action: 31, Message: User validation successfull
INFO: 2022/06/17 09:43:51 authentication_grpc_api.go:83: Action: 31, Message: User validation successfull
INFO: 2022/06/17 09:43:51 authentication_grpc_api.go:83: Action: 31, Message: User validation successfull
INFO: 2022/06/17 09:43:51 authentication_grpc_api.go:83: Action: 31, Message: User validation successfull
INFO: 2022/06/17 09:43:51 authentication_grpc_api.go:83: Action: 31, Message: User validation successfull
INFO: 2022/06/17 09:43:56 authentication_grpc_api.go:83: Action: 31, Message: User validation successfull
INFO: 2022/06/17 09:43:56 authentication_grpc_api.go:83: Action: 31, Message: User validation successfull
INFO: 2022/06/17 09:43:56 authentication_grpc_api.go:83: Action: 31, Message: User validation successfull
INFO: 2022/06/17 09:43:56 authentication_grpc_api.go:83: Action: 31, Message: User validation successfull
INFO: 2022/06/17 09:43:56 authentication_grpc_api.go:83: Action: 31, Message: User validation successfull
INFO: 2022/06/17 09:43:56 authentication_grpc_api.go:83: Action: 31, Message: User validation successfull
INFO: 2022/06/17 09:43:58 authentication_grpc_api.go:83: Action: 31, Message: User validation successfull
INFO: 2022/06/17 09:43:58 authentication_grpc_api.go:83: Action: 31, Message: User validation successfull
INFO: 2022/06/17 09:44:30 authentication_grpc_api.go:83: Action: 31, Message: User validation successfull
INFO: 2022/06/17 09:44:30 authentication_grpc_api.go:83: Action: 31, Message: User validation successfull
INFO: 2022/06/17 09:44:38 authentication_grpc_api.go:83: Action: 31, Message: User validation successfull
INFO: 2022/06/17 09:44:38 authentication_grpc_api.go:83: Action: 31, Message: User validation successfull
INFO: 2022/06/17 09:44:38 authentication_grpc_api.go:83: Action: 31, Message: User validation successfull
INFO: 2022/06/17 09:44:38 authentication_grpc_api.go:83: Action: 31, Message: User validation successfull
INFO: 2022/06/17 09:44:38 authentication_grpc_api.go:83: Action: 31, Message: User validation successfull
INFO: 2022/06/17 09:44:38 authentication_grpc_api.go:83: Action: 31, Message: User validation successfull
INFO: 2022/06/17 09:44:46 authentication_grpc_api.go:83: Action: 31, Message: User validation successfull
INFO: 2022/06/17 09:44:46 authentication_grpc_api.go:83: Action: 31, Message: User validation successfull
INFO: 2022/06/17 09:44:46 authentication_grpc_api.go:83: Action: 31, Message: User validation successfull
INFO: 2022/06/17 09:44:46 authentication_grpc_api.go:83: Action: 31, Message: User validation successfull
INFO: 2022/06/17 09:44:46 authentication_grpc_api.go:83: Action: 31, Message: User validation successfull
INFO: 2022/06/17 09:44:46 authentication_grpc_api.go:83: Action: 31, Message: User validation successfull
INFO: 2022/06/17 09:44:47 authentication_grpc_api.go:83: Action: 31, Message: User validation successfull
INFO: 2022/06/17 09:44:47 authentication_grpc_api.go:83: Action: 31, Message: User validation successfull
INFO: 2022/06/17 09:44:47 authentication_grpc_api.go:83: Action: 31, Message: User validation successfull
INFO: 2022/06/17 09:44:47 authentication_grpc_api.go:83: Action: 31, Message: User validation successfull
INFO: 2022/06/17 09:44:47 authentication_grpc_api.go:83: Action: 31, Message: User validation successfull
INFO: 2022/06/17 09:44:49 authentication_grpc_api.go:83: Action: 31, Message: User validation successfull
INFO: 2022/06/17 09:44:49 authentication_grpc_api.go:83: Action: 31, Message: User validation successfull
INFO: 2022/06/17 09:44:49 authentication_grpc_api.go:83: Action: 31, Message: User validation successfull
INFO: 2022/06/17 09:44:49 authentication_grpc_api.go:83: Action: 31, Message: User validation successfull
INFO: 2022/06/17 09:44:49 authentication_grpc_api.go:83: Action: 31, Message: User validation successfull
INFO: 2022/06/17 09:44:49 authentication_grpc_api.go:83: Action: 31, Message: User validation successfull
INFO: 2022/06/17 09:45:17 authentication_grpc_api.go:51: Action: 29, Message: Login successfull
INFO: 2022/06/17 09:45:17 authentication_grpc_api.go:83: Action: 31, Message: User validation successfull
INFO: 2022/06/17 09:45:17 authentication_grpc_api.go:83: Action: 31, Message: User validation successfull
INFO: 2022/06/17 09:45:17 authentication_grpc_api.go:83: Action: 31, Message: User validation successfull
INFO: 2022/06/17 09:45:17 authentication_grpc_api.go:83: Action: 31, Message: User validation successfull
INFO: 2022/06/17 09:45:17 authentication_grpc_api.go:83: Action: 31, Message: User validation successfull
INFO: 2022/06/17 09:46:48 authentication_grpc_api.go:83: Action: 31, Message: User validation successfull
INFO: 2022/06/17 09:46:48 authentication_grpc_api.go:83: Action: 31, Message: User validation successfull
INFO: 2022/06/17 09:46:48 authentication_grpc_api.go:83: Action: 31, Message: User validation successfull
INFO: 2022/06/17 09:46:48 authentication_grpc_api.go:83: Action: 31, Message: User validation successfull
INFO: 2022/06/17 09:46:48 authentication_grpc_api.go:83: Action: 31, Message: User validation successfull
INFO: 2022/06/17 09:46:48 authentication_grpc_api.go:83: Action: 31, Message: User validation successfull
INFO: 2022/06/17 09:46:51 authentication_grpc_api.go:83: Action: 31, Message: User validation successfull
INFO: 2022/06/17 09:46:51 authentication_grpc_api.go:83: Action: 31, Message: User validation successfull
INFO: 2022/06/17 09:46:55 authentication_grpc_api.go:83: Action: 31, Message: User validation successfull
INFO: 2022/06/17 09:46:55 authentication_grpc_api.go:83: Action: 31, Message: User validation successfull
INFO: 2022/06/17 09:46:55 authentication_grpc_api.go:83: Action: 31, Message: User validation successfull
INFO: 2022/06/17 09:46:55 authentication_grpc_api.go:83: Action: 31, Message: User validation successfull
INFO: 2022/06/17 09:46:55 authentication_grpc_api.go:83: Action: 31, Message: User validation successfull
INFO: 2022/06/17 09:46:55 authentication_grpc_api.go:83: Action: 31, Message: User validation successfull
INFO: 2022/06/17 09:47:00 authentication_grpc_api.go:83: Action: 31, Message: User validation successfull
INFO: 2022/06/17 09:47:00 authentication_grpc_api.go:83: Action: 31, Message: User validation successfull
INFO: 2022/06/17 09:47:00 authentication_grpc_api.go:83: Action: 31, Message: User validation successfull
INFO: 2022/06/17 09:47:00 authentication_grpc_api.go:83: Action: 31, Message: User validation successfull
INFO: 2022/06/17 09:47:00 authentication_grpc_api.go:83: Action: 31, Message: User validation successfull
INFO: 2022/06/17 09:47:00 authentication_grpc_api.go:83: Action: 31, Message: User validation successfull
INFO: 2022/06/17 09:47:05 authentication_grpc_api.go:83: Action: 31, Message: User validation successfull
INFO: 2022/06/17 09:47:05 authentication_grpc_api.go:83: Action: 31, Message: User validation successfull
INFO: 2022/06/17 09:47:09 authentication_grpc_api.go:83: Action: 31, Message: User validation successfull
INFO: 2022/06/17 09:47:09 authentication_grpc_api.go:83: Action: 31, Message: User validation successfull
INFO: 2022/06/17 09:47:12 authentication_grpc_api.go:83: Action: 31, Message: User validation successfull
INFO: 2022/06/17 09:47:12 authentication_grpc_api.go:83: Action: 31, Message: User validation successfull
INFO: 2022/06/17 09:47:18 authentication_grpc_api.go:83: Action: 31, Message: User validation successfull
INFO: 2022/06/17 09:47:18 authentication_grpc_api.go:83: Action: 31, Message: User validation successfull
INFO: 2022/06/17 09:47:18 authentication_grpc_api.go:83: Action: 31, Message: User validation successfull
INFO: 2022/06/17 09:47:18 authentication_grpc_api.go:83: Action: 31, Message: User validation successfull
INFO: 2022/06/17 09:47:18 authentication_grpc_api.go:83: Action: 31, Message: User validation successfull
INFO: 2022/06/17 09:47:19 authentication_grpc_api.go:83: Action: 31, Message: User validation successfull
INFO: 2022/06/17 09:47:21 authentication_grpc_api.go:83: Action: 31, Message: User validation successfull
INFO: 2022/06/17 09:47:21 authentication_grpc_api.go:83: Action: 31, Message: User validation successfull
INFO: 2022/06/17 09:47:21 authentication_grpc_api.go:83: Action: 31, Message: User validation successfull
INFO: 2022/06/17 09:47:21 authentication_grpc_api.go:83: Action: 31, Message: User validation successfull
INFO: 2022/06/17 09:47:21 authentication_grpc_api.go:83: Action: 31, Message: User validation successfull
INFO: 2022/06/17 09:47:21 authentication_grpc_api.go:83: Action: 31, Message: User validation successfull
INFO: 2022/06/17 09:47:36 authentication_grpc_api.go:51: Action: 29, Message: Login successfull
INFO: 2022/06/17 09:47:36 authentication_grpc_api.go:83: Action: 31, Message: User validation successfull
INFO: 2022/06/17 09:47:36 authentication_grpc_api.go:83: Action: 31, Message: User validation successfull
INFO: 2022/06/17 09:47:36 authentication_grpc_api.go:83: Action: 31, Message: User validation successfull
INFO: 2022/06/17 09:47:36 authentication_grpc_api.go:83: Action: 31, Message: User validation successfull
INFO: 2022/06/17 09:47:36 authentication_grpc_api.go:83: Action: 31, Message: User validation successfull
INFO: 2022/06/17 09:47:40 authentication_grpc_api.go:83: Action: 31, Message: User validation successfull
INFO: 2022/06/17 09:47:40 authentication_grpc_api.go:83: Action: 31, Message: User validation successfull
INFO: 2022/06/17 09:47:40 authentication_grpc_api.go:83: Action: 31, Message: User validation successfull
INFO: 2022/06/17 09:47:40 authentication_grpc_api.go:83: Action: 31, Message: User validation successfull
INFO: 2022/06/17 09:47:40 authentication_grpc_api.go:83: Action: 31, Message: User validation successfull
INFO: 2022/06/17 09:47:40 authentication_grpc_api.go:83: Action: 31, Message: User validation successfull
INFO: 2022/06/17 09:47:42 authentication_grpc_api.go:83: Action: 31, Message: User validation successfull
INFO: 2022/06/17 09:47:43 authentication_grpc_api.go:83: Action: 31, Message: User validation successfull
INFO: 2022/06/17 09:47:45 authentication_grpc_api.go:83: Action: 31, Message: User validation successfull
INFO: 2022/06/17 09:47:45 authentication_grpc_api.go:83: Action: 31, Message: User validation successfull
INFO: 2022/06/17 09:47:49 authentication_grpc_api.go:83: Action: 31, Message: User validation successfull
INFO: 2022/06/17 09:47:49 authentication_grpc_api.go:83: Action: 31, Message: User validation successfull
INFO: 2022/06/17 09:47:55 authentication_grpc_api.go:83: Action: 31, Message: User validation successfull
INFO: 2022/06/17 09:47:55 authentication_grpc_api.go:83: Action: 31, Message: User validation successfull
INFO: 2022/06/17 09:47:55 authentication_grpc_api.go:83: Action: 31, Message: User validation successfull
INFO: 2022/06/17 09:47:55 authentication_grpc_api.go:83: Action: 31, Message: User validation successfull
INFO: 2022/06/17 09:47:55 authentication_grpc_api.go:83: Action: 31, Message: User validation successfull
INFO: 2022/06/17 09:47:55 authentication_grpc_api.go:83: Action: 31, Message: User validation successfull
INFO: 2022/06/17 09:48:04 authentication_grpc_api.go:83: Action: 31, Message: User validation successfull
INFO: 2022/06/17 09:48:04 authentication_grpc_api.go:83: Action: 31, Message: User validation successfull
INFO: 2022/06/17 09:49:05 authentication_grpc_api.go:114: Action: 6, Message: User ogijah edited successfully
INFO: 2022/06/17 09:49:06 authentication_grpc_api.go:83: Action: 31, Message: User validation successfull
INFO: 2022/06/17 09:49:06 authentication_grpc_api.go:83: Action: 31, Message: User validation successfull
INFO: 2022/06/17 09:49:10 authentication_grpc_api.go:83: Action: 31, Message: User validation successfull
INFO: 2022/06/17 09:49:10 authentication_grpc_api.go:83: Action: 31, Message: User validation successfull
INFO: 2022/06/17 09:49:12 authentication_grpc_api.go:83: Action: 31, Message: User validation successfull
INFO: 2022/06/17 09:49:12 authentication_grpc_api.go:83: Action: 31, Message: User validation successfull
INFO: 2022/06/17 09:49:15 authentication_grpc_api.go:83: Action: 31, Message: User validation successfull
INFO: 2022/06/17 09:49:15 authentication_grpc_api.go:83: Action: 31, Message: User validation successfull
INFO: 2022/06/17 09:49:18 authentication_grpc_api.go:83: Action: 31, Message: User validation successfull
INFO: 2022/06/17 09:49:18 authentication_grpc_api.go:83: Action: 31, Message: User validation successfull
INFO: 2022/06/17 09:49:18 authentication_grpc_api.go:83: Action: 31, Message: User validation successfull
INFO: 2022/06/17 09:49:18 authentication_grpc_api.go:83: Action: 31, Message: User validation successfull
INFO: 2022/06/17 09:49:18 authentication_grpc_api.go:83: Action: 31, Message: User validation successfull
INFO: 2022/06/17 09:49:18 authentication_grpc_api.go:83: Action: 31, Message: User validation successfull
INFO: 2022/06/17 09:49:19 authentication_grpc_api.go:83: Action: 31, Message: User validation successfull
INFO: 2022/06/17 09:49:19 authentication_grpc_api.go:83: Action: 31, Message: User validation successfull
INFO: 2022/06/17 09:49:19 authentication_grpc_api.go:83: Action: 31, Message: User validation successfull
INFO: 2022/06/17 09:49:19 authentication_grpc_api.go:83: Action: 31, Message: User validation successfull
INFO: 2022/06/17 09:49:19 authentication_grpc_api.go:83: Action: 31, Message: User validation successfull
INFO: 2022/06/17 09:49:22 authentication_grpc_api.go:83: Action: 31, Message: User validation successfull
INFO: 2022/06/17 09:49:22 authentication_grpc_api.go:83: Action: 31, Message: User validation successfull
INFO: 2022/06/17 09:49:22 authentication_grpc_api.go:83: Action: 31, Message: User validation successfull
INFO: 2022/06/17 09:49:22 authentication_grpc_api.go:83: Action: 31, Message: User validation successfull
INFO: 2022/06/17 09:49:22 authentication_grpc_api.go:83: Action: 31, Message: User validation successfull
INFO: 2022/06/17 09:49:25 authentication_grpc_api.go:83: Action: 31, Message: User validation successfull
INFO: 2022/06/17 09:49:25 authentication_grpc_api.go:83: Action: 31, Message: User validation successfull
INFO: 2022/06/17 09:49:25 authentication_grpc_api.go:83: Action: 31, Message: User validation successfull
INFO: 2022/06/17 09:49:25 authentication_grpc_api.go:83: Action: 31, Message: User validation successfull
INFO: 2022/06/17 09:49:25 authentication_grpc_api.go:83: Action: 31, Message: User validation successfull
INFO: 2022/06/17 09:49:25 authentication_grpc_api.go:83: Action: 31, Message: User validation successfull
INFO: 2022/06/17 09:49:28 authentication_grpc_api.go:83: Action: 31, Message: User validation successfull
INFO: 2022/06/17 09:49:28 authentication_grpc_api.go:83: Action: 31, Message: User validation successfull
INFO: 2022/06/17 09:49:31 authentication_grpc_api.go:83: Action: 31, Message: User validation successfull
INFO: 2022/06/17 09:49:31 authentication_grpc_api.go:83: Action: 31, Message: User validation successfull
INFO: 2022/06/17 09:49:34 authentication_grpc_api.go:83: Action: 31, Message: User validation successfull
INFO: 2022/06/17 09:49:34 authentication_grpc_api.go:83: Action: 31, Message: User validation successfull
INFO: 2022/06/17 09:49:58 authentication_grpc_api.go:51: Action: 29, Message: Login successfull
INFO: 2022/06/17 09:49:58 authentication_grpc_api.go:83: Action: 31, Message: User validation successfull
INFO: 2022/06/17 09:49:58 authentication_grpc_api.go:83: Action: 31, Message: User validation successfull
INFO: 2022/06/17 09:49:58 authentication_grpc_api.go:83: Action: 31, Message: User validation successfull
INFO: 2022/06/17 09:49:58 authentication_grpc_api.go:83: Action: 31, Message: User validation successfull
INFO: 2022/06/17 09:49:58 authentication_grpc_api.go:83: Action: 31, Message: User validation successfull
INFO: 2022/06/17 09:50:01 authentication_grpc_api.go:83: Action: 31, Message: User validation successfull
INFO: 2022/06/17 09:50:01 authentication_grpc_api.go:83: Action: 31, Message: User validation successfull
INFO: 2022/06/17 09:50:01 authentication_grpc_api.go:83: Action: 31, Message: User validation successfull
INFO: 2022/06/17 09:50:01 authentication_grpc_api.go:83: Action: 31, Message: User validation successfull
INFO: 2022/06/17 09:50:01 authentication_grpc_api.go:83: Action: 31, Message: User validation successfull
INFO: 2022/06/17 09:50:01 authentication_grpc_api.go:83: Action: 31, Message: User validation successfull
INFO: 2022/06/17 09:50:11 authentication_grpc_api.go:83: Action: 31, Message: User validation successfull
INFO: 2022/06/17 09:50:11 authentication_grpc_api.go:83: Action: 31, Message: User validation successfull
INFO: 2022/06/17 09:50:14 authentication_grpc_api.go:83: Action: 31, Message: User validation successfull
INFO: 2022/06/17 09:50:14 authentication_grpc_api.go:83: Action: 31, Message: User validation successfull
INFO: 2022/06/17 09:50:17 authentication_grpc_api.go:83: Action: 31, Message: User validation successfull
INFO: 2022/06/17 09:50:17 authentication_grpc_api.go:83: Action: 31, Message: User validation successfull
INFO: 2022/06/17 09:50:24 authentication_grpc_api.go:83: Action: 31, Message: User validation successfull
INFO: 2022/06/17 09:50:24 authentication_grpc_api.go:83: Action: 31, Message: User validation successfull
INFO: 2022/06/17 09:50:24 authentication_grpc_api.go:83: Action: 31, Message: User validation successfull
INFO: 2022/06/17 09:50:24 authentication_grpc_api.go:83: Action: 31, Message: User validation successfull
INFO: 2022/06/17 09:50:24 authentication_grpc_api.go:83: Action: 31, Message: User validation successfull
INFO: 2022/06/17 09:50:24 authentication_grpc_api.go:83: Action: 31, Message: User validation successfull
INFO: 2022/06/17 09:56:40 authentication_grpc_api.go:83: Action: 31, Message: User validation successfull
INFO: 2022/06/17 09:56:40 authentication_grpc_api.go:83: Action: 31, Message: User validation successfull
INFO: 2022/06/17 09:56:40 authentication_grpc_api.go:83: Action: 31, Message: User validation successfull
INFO: 2022/06/17 09:56:40 authentication_grpc_api.go:83: Action: 31, Message: User validation successfull
INFO: 2022/06/17 09:56:40 authentication_grpc_api.go:83: Action: 31, Message: User validation successfull
INFO: 2022/06/17 09:56:52 authentication_grpc_api.go:51: Action: 29, Message: Login successfull
INFO: 2022/06/17 09:56:52 authentication_grpc_api.go:83: Action: 31, Message: User validation successfull
INFO: 2022/06/17 09:56:52 authentication_grpc_api.go:83: Action: 31, Message: User validation successfull
INFO: 2022/06/17 09:56:52 authentication_grpc_api.go:83: Action: 31, Message: User validation successfull
INFO: 2022/06/17 09:56:52 authentication_grpc_api.go:83: Action: 31, Message: User validation successfull
INFO: 2022/06/17 09:56:52 authentication_grpc_api.go:83: Action: 31, Message: User validation successfull
INFO: 2022/06/17 09:56:54 authentication_grpc_api.go:83: Action: 31, Message: User validation successfull
INFO: 2022/06/17 09:56:56 authentication_grpc_api.go:83: Action: 31, Message: User validation successfull
INFO: 2022/06/17 09:56:56 authentication_grpc_api.go:83: Action: 31, Message: User validation successfull
INFO: 2022/06/17 09:56:56 authentication_grpc_api.go:83: Action: 31, Message: User validation successfull
INFO: 2022/06/17 09:56:56 authentication_grpc_api.go:83: Action: 31, Message: User validation successfull
INFO: 2022/06/17 09:56:56 authentication_grpc_api.go:83: Action: 31, Message: User validation successfull
INFO: 2022/06/17 09:56:57 authentication_grpc_api.go:83: Action: 31, Message: User validation successfull
INFO: 2022/06/17 09:56:58 authentication_grpc_api.go:83: Action: 31, Message: User validation successfull
INFO: 2022/06/17 09:56:58 authentication_grpc_api.go:83: Action: 31, Message: User validation successfull
INFO: 2022/06/17 09:56:58 authentication_grpc_api.go:83: Action: 31, Message: User validation successfull
INFO: 2022/06/17 09:56:58 authentication_grpc_api.go:83: Action: 31, Message: User validation successfull
INFO: 2022/06/17 09:56:58 authentication_grpc_api.go:83: Action: 31, Message: User validation successfull
INFO: 2022/06/17 09:56:58 authentication_grpc_api.go:83: Action: 31, Message: User validation successfull
INFO: 2022/06/17 09:56:58 authentication_grpc_api.go:83: Action: 31, Message: User validation successfull
INFO: 2022/06/17 09:56:58 authentication_grpc_api.go:83: Action: 31, Message: User validation successfull
INFO: 2022/06/17 09:56:58 authentication_grpc_api.go:83: Action: 31, Message: User validation successfull
INFO: 2022/06/17 09:56:58 authentication_grpc_api.go:83: Action: 31, Message: User validation successfull
INFO: 2022/06/17 09:56:58 authentication_grpc_api.go:83: Action: 31, Message: User validation successfull
INFO: 2022/06/17 09:56:59 authentication_grpc_api.go:83: Action: 31, Message: User validation successfull
INFO: 2022/06/17 09:57:00 authentication_grpc_api.go:83: Action: 31, Message: User validation successfull
INFO: 2022/06/17 09:57:00 authentication_grpc_api.go:83: Action: 31, Message: User validation successfull
INFO: 2022/06/17 09:57:00 authentication_grpc_api.go:83: Action: 31, Message: User validation successfull
INFO: 2022/06/17 09:57:00 authentication_grpc_api.go:83: Action: 31, Message: User validation successfull
INFO: 2022/06/17 09:57:00 authentication_grpc_api.go:83: Action: 31, Message: User validation successfull
INFO: 2022/06/17 09:57:21 authentication_grpc_api.go:114: Action: 6, Message: User ogijah edited successfully
INFO: 2022/06/17 09:57:21 authentication_grpc_api.go:83: Action: 31, Message: User validation successfull
INFO: 2022/06/17 09:57:21 authentication_grpc_api.go:83: Action: 31, Message: User validation successfull
INFO: 2022/06/17 09:57:22 authentication_grpc_api.go:83: Action: 31, Message: User validation successfull
INFO: 2022/06/17 09:57:22 authentication_grpc_api.go:83: Action: 31, Message: User validation successfull
INFO: 2022/06/17 09:57:22 authentication_grpc_api.go:83: Action: 31, Message: User validation successfull
INFO: 2022/06/17 09:57:22 authentication_grpc_api.go:83: Action: 31, Message: User validation successfull
INFO: 2022/06/17 09:57:22 authentication_grpc_api.go:83: Action: 31, Message: User validation successfull
INFO: 2022/06/17 09:57:22 authentication_grpc_api.go:83: Action: 31, Message: User validation successfull
INFO: 2022/06/17 09:57:24 authentication_grpc_api.go:83: Action: 31, Message: User validation successfull
INFO: 2022/06/17 09:57:24 authentication_grpc_api.go:83: Action: 31, Message: User validation successfull
INFO: 2022/06/17 09:57:24 authentication_grpc_api.go:83: Action: 31, Message: User validation successfull
INFO: 2022/06/17 09:57:24 authentication_grpc_api.go:83: Action: 31, Message: User validation successfull
INFO: 2022/06/17 09:57:24 authentication_grpc_api.go:83: Action: 31, Message: User validation successfull
INFO: 2022/06/17 09:57:26 authentication_grpc_api.go:83: Action: 31, Message: User validation successfull
INFO: 2022/06/17 09:57:27 authentication_grpc_api.go:83: Action: 31, Message: User validation successfull
INFO: 2022/06/17 09:57:28 authentication_grpc_api.go:83: Action: 31, Message: User validation successfull
INFO: 2022/06/17 09:57:28 authentication_grpc_api.go:83: Action: 31, Message: User validation successfull
INFO: 2022/06/17 09:57:28 authentication_grpc_api.go:83: Action: 31, Message: User validation successfull
INFO: 2022/06/17 09:57:28 authentication_grpc_api.go:83: Action: 31, Message: User validation successfull
INFO: 2022/06/17 09:57:28 authentication_grpc_api.go:83: Action: 31, Message: User validation successfull
INFO: 2022/06/17 09:57:28 authentication_grpc_api.go:83: Action: 31, Message: User validation successfull
INFO: 2022/06/17 09:57:28 authentication_grpc_api.go:83: Action: 31, Message: User validation successfull
INFO: 2022/06/17 09:57:28 authentication_grpc_api.go:83: Action: 31, Message: User validation successfull
INFO: 2022/06/17 09:57:28 authentication_grpc_api.go:83: Action: 31, Message: User validation successfull
INFO: 2022/06/17 09:57:28 authentication_grpc_api.go:83: Action: 31, Message: User validation successfull
INFO: 2022/06/17 09:57:28 authentication_grpc_api.go:83: Action: 31, Message: User validation successfull
INFO: 2022/06/17 09:58:33 authentication_grpc_api.go:51: Action: 29, Message: Login successfull
INFO: 2022/06/17 09:58:33 authentication_grpc_api.go:83: Action: 31, Message: User validation successfull
INFO: 2022/06/17 09:58:33 authentication_grpc_api.go:83: Action: 31, Message: User validation successfull
INFO: 2022/06/17 09:58:33 authentication_grpc_api.go:83: Action: 31, Message: User validation successfull
INFO: 2022/06/17 09:58:33 authentication_grpc_api.go:83: Action: 31, Message: User validation successfull
INFO: 2022/06/17 09:58:33 authentication_grpc_api.go:83: Action: 31, Message: User validation successfull
INFO: 2022/06/17 09:58:35 authentication_grpc_api.go:83: Action: 31, Message: User validation successfull
INFO: 2022/06/17 09:58:37 authentication_grpc_api.go:83: Action: 31, Message: User validation successfull
INFO: 2022/06/17 09:58:38 authentication_grpc_api.go:83: Action: 31, Message: User validation successfull
INFO: 2022/06/17 09:58:38 authentication_grpc_api.go:83: Action: 31, Message: User validation successfull
INFO: 2022/06/17 09:58:38 authentication_grpc_api.go:83: Action: 31, Message: User validation successfull
INFO: 2022/06/17 09:58:38 authentication_grpc_api.go:83: Action: 31, Message: User validation successfull
INFO: 2022/06/17 09:58:38 authentication_grpc_api.go:83: Action: 31, Message: User validation successfull
INFO: 2022/06/17 09:58:38 authentication_grpc_api.go:83: Action: 31, Message: User validation successfull
INFO: 2022/06/17 09:58:38 authentication_grpc_api.go:83: Action: 31, Message: User validation successfull
INFO: 2022/06/17 09:58:39 authentication_grpc_api.go:83: Action: 31, Message: User validation successfull
INFO: 2022/06/17 09:58:39 authentication_grpc_api.go:83: Action: 31, Message: User validation successfull
INFO: 2022/06/17 09:58:39 authentication_grpc_api.go:83: Action: 31, Message: User validation successfull
INFO: 2022/06/17 09:58:39 authentication_grpc_api.go:83: Action: 31, Message: User validation successfull
INFO: 2022/06/17 09:59:09 authentication_grpc_api.go:83: Action: 31, Message: User validation successfull
INFO: 2022/06/17 09:59:11 authentication_grpc_api.go:83: Action: 31, Message: User validation successfull
INFO: 2022/06/17 09:59:11 authentication_grpc_api.go:83: Action: 31, Message: User validation successfull
INFO: 2022/06/17 09:59:11 authentication_grpc_api.go:83: Action: 31, Message: User validation successfull
INFO: 2022/06/17 09:59:11 authentication_grpc_api.go:83: Action: 31, Message: User validation successfull
INFO: 2022/06/17 09:59:11 authentication_grpc_api.go:83: Action: 31, Message: User validation successfull
INFO: 2022/06/17 09:59:11 authentication_grpc_api.go:83: Action: 31, Message: User validation successfull
INFO: 2022/06/17 09:59:11 authentication_grpc_api.go:83: Action: 31, Message: User validation successfull
INFO: 2022/06/17 09:59:11 authentication_grpc_api.go:83: Action: 31, Message: User validation successfull
INFO: 2022/06/17 09:59:12 authentication_grpc_api.go:83: Action: 31, Message: User validation successfull
INFO: 2022/06/17 09:59:12 authentication_grpc_api.go:83: Action: 31, Message: User validation successfull
INFO: 2022/06/17 09:59:12 authentication_grpc_api.go:83: Action: 31, Message: User validation successfull
INFO: 2022/06/17 09:59:19 authentication_grpc_api.go:83: Action: 31, Message: User validation successfull
INFO: 2022/06/17 09:59:20 authentication_grpc_api.go:83: Action: 31, Message: User validation successfull
INFO: 2022/06/17 09:59:22 authentication_grpc_api.go:83: Action: 31, Message: User validation successfull
INFO: 2022/06/17 09:59:22 authentication_grpc_api.go:83: Action: 31, Message: User validation successfull
INFO: 2022/06/17 09:59:22 authentication_grpc_api.go:83: Action: 31, Message: User validation successfull
INFO: 2022/06/17 09:59:22 authentication_grpc_api.go:83: Action: 31, Message: User validation successfull
INFO: 2022/06/17 09:59:22 authentication_grpc_api.go:83: Action: 31, Message: User validation successfull
INFO: 2022/06/17 09:59:24 authentication_grpc_api.go:83: Action: 31, Message: User validation successfull
INFO: 2022/06/17 09:59:24 authentication_grpc_api.go:83: Action: 31, Message: User validation successfull
INFO: 2022/06/17 09:59:24 authentication_grpc_api.go:83: Action: 31, Message: User validation successfull
INFO: 2022/06/17 09:59:24 authentication_grpc_api.go:83: Action: 31, Message: User validation successfull
INFO: 2022/06/17 09:59:24 authentication_grpc_api.go:83: Action: 31, Message: User validation successfull
INFO: 2022/06/17 09:59:24 authentication_grpc_api.go:83: Action: 31, Message: User validation successfull
INFO: 2022/06/17 09:59:24 authentication_grpc_api.go:83: Action: 31, Message: User validation successfull
INFO: 2022/06/17 09:59:24 authentication_grpc_api.go:83: Action: 31, Message: User validation successfull
INFO: 2022/06/17 09:59:24 authentication_grpc_api.go:83: Action: 31, Message: User validation successfull
INFO: 2022/06/17 09:59:24 authentication_grpc_api.go:83: Action: 31, Message: User validation successfull
INFO: 2022/06/17 09:59:24 authentication_grpc_api.go:83: Action: 31, Message: User validation successfull
INFO: 2022/06/17 09:59:27 authentication_grpc_api.go:83: Action: 31, Message: User validation successfull
INFO: 2022/06/17 09:59:27 authentication_grpc_api.go:83: Action: 31, Message: User validation successfull
INFO: 2022/06/17 09:59:27 authentication_grpc_api.go:83: Action: 31, Message: User validation successfull
INFO: 2022/06/17 09:59:27 authentication_grpc_api.go:83: Action: 31, Message: User validation successfull
INFO: 2022/06/17 09:59:27 authentication_grpc_api.go:83: Action: 31, Message: User validation successfull
INFO: 2022/06/17 09:59:27 authentication_grpc_api.go:83: Action: 31, Message: User validation successfull
INFO: 2022/06/17 10:14:06 authentication_grpc_api.go:103: Action: 3, Message: User niko registered successfully!
INFO: 2022/06/17 10:34:38 authentication_grpc_api.go:103: Action: 3, Message: User pswapoteka registered successfully!
INFO: 2022/06/17 10:47:00 authentication_grpc_api.go:103: Action: 3, Message: User ogijah registered successfully!
INFO: 2022/06/17 10:49:13 authentication_grpc_api.go:67: Action: 29, Message: Login successfull
INFO: 2022/06/17 10:49:13 authentication_grpc_api.go:83: Action: 31, Message: User validation successfull
INFO: 2022/06/17 10:49:13 authentication_grpc_api.go:83: Action: 31, Message: User validation successfull
INFO: 2022/06/17 10:49:13 authentication_grpc_api.go:83: Action: 31, Message: User validation successfull
INFO: 2022/06/17 10:49:13 authentication_grpc_api.go:83: Action: 31, Message: User validation successfull
INFO: 2022/06/17 10:49:13 authentication_grpc_api.go:83: Action: 31, Message: User validation successfull
INFO: 2022/06/17 10:49:36 authentication_grpc_api.go:83: Action: 31, Message: User validation successfull
INFO: 2022/06/17 10:49:36 authentication_grpc_api.go:83: Action: 31, Message: User validation successfull
INFO: 2022/06/17 10:49:36 authentication_grpc_api.go:83: Action: 31, Message: User validation successfull
INFO: 2022/06/17 10:49:36 authentication_grpc_api.go:83: Action: 31, Message: User validation successfull
INFO: 2022/06/17 10:49:36 authentication_grpc_api.go:83: Action: 31, Message: User validation successfull
INFO: 2022/06/17 10:49:36 authentication_grpc_api.go:83: Action: 31, Message: User validation successfull
INFO: 2022/06/17 10:49:36 authentication_grpc_api.go:83: Action: 31, Message: User validation successfull
INFO: 2022/06/17 10:49:36 authentication_grpc_api.go:83: Action: 31, Message: User validation successfull
INFO: 2022/06/17 10:49:36 authentication_grpc_api.go:83: Action: 31, Message: User validation successfull
INFO: 2022/06/17 10:49:36 authentication_grpc_api.go:83: Action: 31, Message: User validation successfull
INFO: 2022/06/17 10:49:36 authentication_grpc_api.go:83: Action: 31, Message: User validation successfull
INFO: 2022/06/17 10:49:38 authentication_grpc_api.go:83: Action: 31, Message: User validation successfull
INFO: 2022/06/17 10:49:38 authentication_grpc_api.go:83: Action: 31, Message: User validation successfull
INFO: 2022/06/17 10:49:38 authentication_grpc_api.go:83: Action: 31, Message: User validation successfull
INFO: 2022/06/17 10:49:38 authentication_grpc_api.go:83: Action: 31, Message: User validation successfull
INFO: 2022/06/17 10:49:38 authentication_grpc_api.go:83: Action: 31, Message: User validation successfull
INFO: 2022/06/17 10:49:38 authentication_grpc_api.go:83: Action: 31, Message: User validation successfull
INFO: 2022/06/17 10:49:43 authentication_grpc_api.go:114: Action: 6, Message: User ogijah edited successfully
INFO: 2022/06/17 10:49:43 authentication_grpc_api.go:83: Action: 31, Message: User validation successfull
INFO: 2022/06/17 10:49:43 authentication_grpc_api.go:83: Action: 31, Message: User validation successfull
INFO: 2022/06/17 10:49:43 authentication_grpc_api.go:83: Action: 31, Message: User validation successfull
INFO: 2022/06/17 10:49:43 authentication_grpc_api.go:83: Action: 31, Message: User validation successfull
INFO: 2022/06/17 10:49:43 authentication_grpc_api.go:83: Action: 31, Message: User validation successfull
INFO: 2022/06/17 10:49:43 authentication_grpc_api.go:83: Action: 31, Message: User validation successfull
INFO: 2022/06/17 10:49:43 authentication_grpc_api.go:83: Action: 31, Message: User validation successfull
INFO: 2022/06/17 10:49:46 authentication_grpc_api.go:83: Action: 31, Message: User validation successfull
INFO: 2022/06/17 10:49:46 authentication_grpc_api.go:83: Action: 31, Message: User validation successfull
INFO: 2022/06/17 10:49:46 authentication_grpc_api.go:83: Action: 31, Message: User validation successfull
INFO: 2022/06/17 10:49:46 authentication_grpc_api.go:83: Action: 31, Message: User validation successfull
INFO: 2022/06/17 10:49:46 authentication_grpc_api.go:83: Action: 31, Message: User validation successfull
INFO: 2022/06/17 10:49:47 authentication_grpc_api.go:83: Action: 31, Message: User validation successfull
INFO: 2022/06/17 10:49:48 authentication_grpc_api.go:83: Action: 31, Message: User validation successfull
INFO: 2022/06/17 10:49:50 authentication_grpc_api.go:83: Action: 31, Message: User validation successfull
INFO: 2022/06/17 10:49:50 authentication_grpc_api.go:83: Action: 31, Message: User validation successfull
INFO: 2022/06/17 10:49:50 authentication_grpc_api.go:83: Action: 31, Message: User validation successfull
INFO: 2022/06/17 10:49:50 authentication_grpc_api.go:83: Action: 31, Message: User validation successfull
INFO: 2022/06/17 10:49:50 authentication_grpc_api.go:83: Action: 31, Message: User validation successfull
INFO: 2022/06/17 10:49:50 authentication_grpc_api.go:83: Action: 31, Message: User validation successfull
INFO: 2022/06/17 10:49:50 authentication_grpc_api.go:83: Action: 31, Message: User validation successfull
INFO: 2022/06/17 10:49:50 authentication_grpc_api.go:83: Action: 31, Message: User validation successfull
INFO: 2022/06/17 10:49:50 authentication_grpc_api.go:83: Action: 31, Message: User validation successfull
INFO: 2022/06/17 10:49:50 authentication_grpc_api.go:83: Action: 31, Message: User validation successfull
INFO: 2022/06/17 10:49:50 authentication_grpc_api.go:83: Action: 31, Message: User validation successfull
INFO: 2022/06/17 10:49:58 authentication_grpc_api.go:83: Action: 31, Message: User validation successfull
INFO: 2022/06/17 10:49:58 authentication_grpc_api.go:83: Action: 31, Message: User validation successfull
INFO: 2022/06/17 10:49:58 authentication_grpc_api.go:83: Action: 31, Message: User validation successfull
INFO: 2022/06/17 10:49:58 authentication_grpc_api.go:83: Action: 31, Message: User validation successfull
INFO: 2022/06/17 10:49:58 authentication_grpc_api.go:83: Action: 31, Message: User validation successfull
INFO: 2022/06/17 10:49:58 authentication_grpc_api.go:83: Action: 31, Message: User validation successfull
INFO: 2022/06/17 10:50:06 authentication_grpc_api.go:114: Action: 6, Message: User ogijah edited successfully
INFO: 2022/06/17 10:50:06 authentication_grpc_api.go:83: Action: 31, Message: User validation successfull
INFO: 2022/06/17 10:50:06 authentication_grpc_api.go:83: Action: 31, Message: User validation successfull
INFO: 2022/06/17 10:50:06 authentication_grpc_api.go:83: Action: 31, Message: User validation successfull
INFO: 2022/06/17 10:50:06 authentication_grpc_api.go:83: Action: 31, Message: User validation successfull
INFO: 2022/06/17 10:50:06 authentication_grpc_api.go:83: Action: 31, Message: User validation successfull
INFO: 2022/06/17 10:50:06 authentication_grpc_api.go:83: Action: 31, Message: User validation successfull
INFO: 2022/06/17 10:50:06 authentication_grpc_api.go:83: Action: 31, Message: User validation successfull
INFO: 2022/06/17 10:50:11 authentication_grpc_api.go:83: Action: 31, Message: User validation successfull
INFO: 2022/06/17 10:50:11 authentication_grpc_api.go:83: Action: 31, Message: User validation successfull
INFO: 2022/06/17 10:50:11 authentication_grpc_api.go:83: Action: 31, Message: User validation successfull
INFO: 2022/06/17 10:50:11 authentication_grpc_api.go:83: Action: 31, Message: User validation successfull
INFO: 2022/06/17 10:50:11 authentication_grpc_api.go:83: Action: 31, Message: User validation successfull
INFO: 2022/06/17 10:50:11 authentication_grpc_api.go:83: Action: 31, Message: User validation successfull
INFO: 2022/06/17 10:50:11 authentication_grpc_api.go:83: Action: 31, Message: User validation successfull
INFO: 2022/06/17 10:50:11 authentication_grpc_api.go:83: Action: 31, Message: User validation successfull
INFO: 2022/06/17 10:50:11 authentication_grpc_api.go:83: Action: 31, Message: User validation successfull
INFO: 2022/06/17 10:50:11 authentication_grpc_api.go:83: Action: 31, Message: User validation successfull
INFO: 2022/06/17 10:50:11 authentication_grpc_api.go:83: Action: 31, Message: User validation successfull
INFO: 2022/06/17 11:03:18 authentication_grpc_api.go:103: Action: 3, Message: User sara registered successfully!
INFO: 2022/06/17 11:16:16 authentication_grpc_api.go:103: Action: 3, Message: User sarapoparic registered successfully!
INFO: 2022/06/17 11:16:46 authentication_grpc_api.go:67: Action: 29, Message: Login successfull
INFO: 2022/06/17 11:16:46 authentication_grpc_api.go:83: Action: 31, Message: User validation successfull
INFO: 2022/06/17 11:16:46 authentication_grpc_api.go:83: Action: 31, Message: User validation successfull
INFO: 2022/06/17 11:16:46 authentication_grpc_api.go:83: Action: 31, Message: User validation successfull
INFO: 2022/06/17 11:16:46 authentication_grpc_api.go:83: Action: 31, Message: User validation successfull
INFO: 2022/06/17 11:16:46 authentication_grpc_api.go:83: Action: 31, Message: User validation successfull
INFO: 2022/06/17 11:27:46 authentication_grpc_api.go:103: Action: 3, Message: User ogijah registered successfully!
INFO: 2022/06/17 11:27:57 authentication_grpc_api.go:67: Action: 29, Message: Login successfull
INFO: 2022/06/17 11:27:57 authentication_grpc_api.go:83: Action: 31, Message: User validation successfull
INFO: 2022/06/17 11:27:57 authentication_grpc_api.go:83: Action: 31, Message: User validation successfull
INFO: 2022/06/17 11:27:57 authentication_grpc_api.go:83: Action: 31, Message: User validation successfull
INFO: 2022/06/17 11:27:57 authentication_grpc_api.go:83: Action: 31, Message: User validation successfull
INFO: 2022/06/17 11:27:57 authentication_grpc_api.go:83: Action: 31, Message: User validation successfull
INFO: 2022/06/17 11:31:07 authentication_grpc_api.go:103: Action: 3, Message: User sara registered successfully!
INFO: 2022/06/17 11:31:32 authentication_grpc_api.go:67: Action: 29, Message: Login successfull
INFO: 2022/06/17 11:31:32 authentication_grpc_api.go:83: Action: 31, Message: User validation successfull
INFO: 2022/06/17 11:31:32 authentication_grpc_api.go:83: Action: 31, Message: User validation successfull
INFO: 2022/06/17 11:31:32 authentication_grpc_api.go:83: Action: 31, Message: User validation successfull
INFO: 2022/06/17 11:31:32 authentication_grpc_api.go:83: Action: 31, Message: User validation successfull
INFO: 2022/06/17 11:31:32 authentication_grpc_api.go:83: Action: 31, Message: User validation successfull
