ERROR: 2022/06/14 22:18:54 server.go:152: Cannot validate token!
ERROR: 2022/06/15 13:52:05 server.go:111: Cannot load TLS credentials: open userservice.crt: no such file or directory
ERROR: 2022/06/15 13:54:43 server.go:113: Cannot load TLS credentials: open userservice.crt: no such file or directory
ERROR: 2022/06/17 09:36:38 user_grpc_api.go:47: Action: 1, Message: ID is not correct!
ERROR: 2022/06/17 09:36:38 user_grpc_api.go:47: Action: 1, Message: ID is not correct!
ERROR: 2022/06/17 09:36:54 user_grpc_api.go:47: Action: 1, Message: ID is not correct!
ERROR: 2022/06/17 09:36:54 user_grpc_api.go:47: Action: 1, Message: ID is not correct!
ERROR: 2022/06/17 09:36:56 server.go:160: Action: 34, Message: Authorization token is not supplied!
ERROR: 2022/06/17 09:36:57 user_grpc_api.go:47: Action: 1, Message: ID is not correct!
ERROR: 2022/06/17 09:36:57 user_grpc_api.go:47: Action: 1, Message: ID is not correct!
ERROR: 2022/06/17 09:37:06 user_grpc_api.go:47: Action: 1, Message: ID is not correct!
ERROR: 2022/06/17 09:37:06 user_grpc_api.go:47: Action: 1, Message: ID is not correct!
ERROR: 2022/06/17 09:37:07 server.go:160: Action: 34, Message: Authorization token is not supplied!
ERROR: 2022/06/17 09:38:02 user_grpc_api.go:47: Action: 1, Message: ID is not correct!
ERROR: 2022/06/17 09:38:02 user_grpc_api.go:47: Action: 1, Message: ID is not correct!
ERROR: 2022/06/17 09:38:03 server.go:160: Action: 34, Message: Authorization token is not supplied!
ERROR: 2022/06/17 09:42:44 user_grpc_api.go:47: Action: 1, Message: ID is not correct!
ERROR: 2022/06/17 09:42:44 user_grpc_api.go:47: Action: 1, Message: ID is not correct!
ERROR: 2022/06/17 09:42:48 user_grpc_api.go:47: Action: 1, Message: ID is not correct!
ERROR: 2022/06/17 09:42:48 user_grpc_api.go:47: Action: 1, Message: ID is not correct!
ERROR: 2022/06/17 09:43:03 user_grpc_api.go:47: Action: 1, Message: ID is not correct!
ERROR: 2022/06/17 09:43:03 user_grpc_api.go:47: Action: 1, Message: ID is not correct!
ERROR: 2022/06/17 09:43:18 user_grpc_api.go:47: Action: 1, Message: ID is not correct!
ERROR: 2022/06/17 09:43:18 user_grpc_api.go:47: Action: 1, Message: ID is not correct!
ERROR: 2022/06/17 09:43:20 user_grpc_api.go:47: Action: 1, Message: ID is not correct!
ERROR: 2022/06/17 09:43:20 user_grpc_api.go:47: Action: 1, Message: ID is not correct!
ERROR: 2022/06/17 09:43:20 server.go:161: Action: 34, Message: Authorization token is not supplied!
ERROR: 2022/06/17 09:43:20 user_grpc_api.go:47: Action: 1, Message: ID is not correct!
ERROR: 2022/06/17 09:43:20 server.go:161: Action: 34, Message: Authorization token is not supplied!
ERROR: 2022/06/17 09:43:20 server.go:161: Action: 34, Message: Authorization token is not supplied!
ERROR: 2022/06/17 09:43:20 server.go:161: Action: 34, Message: Authorization token is not supplied!
ERROR: 2022/06/17 09:43:22 user_grpc_api.go:47: Action: 1, Message: ID is not correct!
ERROR: 2022/06/17 09:43:22 user_grpc_api.go:47: Action: 1, Message: ID is not correct!
ERROR: 2022/06/17 09:43:26 user_grpc_api.go:47: Action: 1, Message: ID is not correct!
ERROR: 2022/06/17 09:43:27 user_grpc_api.go:47: Action: 1, Message: ID is not correct!
ERROR: 2022/06/17 09:43:27 user_grpc_api.go:47: Action: 1, Message: ID is not correct!
ERROR: 2022/06/17 09:43:27 server.go:161: Action: 34, Message: Authorization token is not supplied!
ERROR: 2022/06/17 09:43:27 user_grpc_api.go:47: Action: 1, Message: ID is not correct!
ERROR: 2022/06/17 09:43:27 server.go:161: Action: 34, Message: Authorization token is not supplied!
ERROR: 2022/06/17 09:43:27 server.go:161: Action: 34, Message: Authorization token is not supplied!
ERROR: 2022/06/17 09:43:27 server.go:161: Action: 34, Message: Authorization token is not supplied!
ERROR: 2022/06/17 09:43:28 user_grpc_api.go:47: Action: 1, Message: ID is not correct!
ERROR: 2022/06/17 09:43:28 user_grpc_api.go:47: Action: 1, Message: ID is not correct!
ERROR: 2022/06/17 09:43:35 user_grpc_api.go:47: Action: 1, Message: ID is not correct!
ERROR: 2022/06/17 09:43:35 user_grpc_api.go:47: Action: 1, Message: ID is not correct!
ERROR: 2022/06/17 09:43:35 server.go:161: Action: 34, Message: Authorization token is not supplied!
ERROR: 2022/06/17 09:43:35 server.go:161: Action: 34, Message: Authorization token is not supplied!
ERROR: 2022/06/17 09:43:35 user_grpc_api.go:47: Action: 1, Message: ID is not correct!
ERROR: 2022/06/17 09:43:35 server.go:161: Action: 34, Message: Authorization token is not supplied!
ERROR: 2022/06/17 09:43:35 server.go:161: Action: 34, Message: Authorization token is not supplied!
ERROR: 2022/06/17 09:43:47 user_grpc_api.go:47: Action: 1, Message: ID is not correct!
ERROR: 2022/06/17 09:43:47 user_grpc_api.go:47: Action: 1, Message: ID is not correct!
ERROR: 2022/06/17 09:44:56 user_grpc_api.go:47: Action: 1, Message: ID is not correct!
ERROR: 2022/06/17 09:44:56 user_grpc_api.go:47: Action: 1, Message: ID is not correct!
ERROR: 2022/06/17 09:45:01 user_grpc_api.go:47: Action: 1, Message: ID is not correct!
ERROR: 2022/06/17 09:45:02 user_grpc_api.go:47: Action: 1, Message: ID is not correct!
ERROR: 2022/06/17 09:47:30 user_grpc_api.go:47: Action: 1, Message: ID is not correct!
ERROR: 2022/06/17 09:47:30 user_grpc_api.go:47: Action: 1, Message: ID is not correct!
ERROR: 2022/06/17 09:49:52 user_grpc_api.go:47: Action: 1, Message: ID is not correct!
ERROR: 2022/06/17 09:49:52 user_grpc_api.go:47: Action: 1, Message: ID is not correct!
ERROR: 2022/06/17 09:56:44 user_grpc_api.go:47: Action: 1, Message: ID is not correct!
ERROR: 2022/06/17 09:56:44 user_grpc_api.go:47: Action: 1, Message: ID is not correct!
ERROR: 2022/06/17 09:56:49 user_grpc_api.go:47: Action: 1, Message: ID is not correct!
ERROR: 2022/06/17 09:56:49 user_grpc_api.go:47: Action: 1, Message: ID is not correct!
ERROR: 2022/06/17 09:57:35 user_grpc_api.go:47: Action: 1, Message: ID is not correct!
ERROR: 2022/06/17 09:57:35 user_grpc_api.go:47: Action: 1, Message: ID is not correct!
ERROR: 2022/06/17 09:57:44 user_grpc_api.go:47: Action: 1, Message: ID is not correct!
ERROR: 2022/06/17 09:57:45 user_grpc_api.go:47: Action: 1, Message: ID is not correct!
ERROR: 2022/06/17 09:57:48 user_grpc_api.go:47: Action: 1, Message: ID is not correct!
ERROR: 2022/06/17 09:57:48 user_grpc_api.go:47: Action: 1, Message: ID is not correct!
ERROR: 2022/06/17 09:57:59 user_grpc_api.go:47: Action: 1, Message: ID is not correct!
ERROR: 2022/06/17 09:57:59 user_grpc_api.go:47: Action: 1, Message: ID is not correct!
ERROR: 2022/06/17 09:57:59 user_grpc_api.go:47: Action: 1, Message: ID is not correct!
ERROR: 2022/06/17 09:57:59 server.go:161: Action: 34, Message: Authorization token is not supplied!
ERROR: 2022/06/17 09:57:59 server.go:161: Action: 34, Message: Authorization token is not supplied!
ERROR: 2022/06/17 09:57:59 server.go:161: Action: 34, Message: Authorization token is not supplied!
ERROR: 2022/06/17 09:57:59 server.go:161: Action: 34, Message: Authorization token is not supplied!
ERROR: 2022/06/17 09:58:01 user_grpc_api.go:47: Action: 1, Message: ID is not correct!
ERROR: 2022/06/17 09:58:01 user_grpc_api.go:47: Action: 1, Message: ID is not correct!
ERROR: 2022/06/17 09:58:08 user_grpc_api.go:47: Action: 1, Message: ID is not correct!
ERROR: 2022/06/17 09:58:08 user_grpc_api.go:47: Action: 1, Message: ID is not correct!
ERROR: 2022/06/17 09:58:08 user_grpc_api.go:47: Action: 1, Message: ID is not correct!
ERROR: 2022/06/17 09:58:08 user_grpc_api.go:47: Action: 1, Message: ID is not correct!
ERROR: 2022/06/17 09:58:08 server.go:161: Action: 34, Message: Authorization token is not supplied!
ERROR: 2022/06/17 09:58:08 server.go:161: Action: 34, Message: Authorization token is not supplied!
ERROR: 2022/06/17 09:58:08 server.go:161: Action: 34, Message: Authorization token is not supplied!
ERROR: 2022/06/17 09:58:08 server.go:161: Action: 34, Message: Authorization token is not supplied!
ERROR: 2022/06/17 09:58:27 user_grpc_api.go:47: Action: 1, Message: ID is not correct!
ERROR: 2022/06/17 09:58:27 user_grpc_api.go:47: Action: 1, Message: ID is not correct!
ERROR: 2022/06/17 10:13:06 user_grpc_api.go:47: Action: 1, Message: ID is not correct!
ERROR: 2022/06/17 10:13:06 user_grpc_api.go:47: Action: 1, Message: ID is not correct!
ERROR: 2022/06/17 11:02:16 user_grpc_api.go:47: Action: 1, Message: ID is not correct!
ERROR: 2022/06/17 11:02:16 user_grpc_api.go:47: Action: 1, Message: ID is not correct!
ERROR: 2022/06/17 11:26:24 user_grpc_api.go:47: Action: 1, Message: ID is not correct!
ERROR: 2022/06/17 11:26:24 user_grpc_api.go:47: Action: 1, Message: ID is not correct!
ERROR: 2022/06/17 11:29:42 user_grpc_api.go:47: Action: 1, Message: ID is not correct!
ERROR: 2022/06/17 11:29:42 user_grpc_api.go:47: Action: 1, Message: ID is not correct!
ERROR: 2022/06/29 14:46:45 user_grpc_api.go:146: Action: 4, Message: Username or email not unique!
ERROR: 2022/06/29 14:48:14 user_grpc_api.go:47: Action: 1, Message: ID is not correct!
ERROR: 2022/06/29 14:48:14 user_grpc_api.go:47: Action: 1, Message: ID is not correct!
ERROR: 2022/06/29 18:41:30 user_grpc_api.go:47: Action: 1, Message: ID is not correct!
ERROR: 2022/06/29 18:41:30 user_grpc_api.go:47: Action: 1, Message: ID is not correct!
ERROR: 2022/06/29 18:51:10 user_grpc_api.go:47: Action: 1, Message: ID is not correct!
ERROR: 2022/06/29 18:51:10 user_grpc_api.go:47: Action: 1, Message: ID is not correct!
ERROR: 2022/06/29 19:06:38 user_grpc_api.go:47: Action: 1, Message: ID is not correct!
ERROR: 2022/06/29 19:06:38 user_grpc_api.go:47: Action: 1, Message: ID is not correct!
ERROR: 2022/06/29 19:07:00 user_grpc_api.go:47: Action: 1, Message: ID is not correct!
ERROR: 2022/06/29 19:07:00 user_grpc_api.go:47: Action: 1, Message: ID is not correct!
ERROR: 2022/06/29 19:32:17 user_grpc_api.go:47: Action: 1, Message: ID is not correct!
ERROR: 2022/06/29 19:32:17 user_grpc_api.go:47: Action: 1, Message: ID is not correct!
ERROR: 2022/06/29 19:33:34 user_grpc_api.go:47: Action: 1, Message: ID is not correct!
ERROR: 2022/06/29 19:33:34 user_grpc_api.go:47: Action: 1, Message: ID is not correct!
ERROR: 2022/06/29 20:08:13 user_grpc_api.go:47: Action: 1, Message: ID is not correct!
ERROR: 2022/06/29 20:08:13 user_grpc_api.go:47: Action: 1, Message: ID is not correct!
ERROR: 2022/06/29 20:14:54 user_grpc_api.go:47: Action: 1, Message: ID is not correct!
ERROR: 2022/06/29 20:14:54 user_grpc_api.go:47: Action: 1, Message: ID is not correct!
ERROR: 2022/06/29 20:38:41 user_grpc_api.go:47: Action: 1, Message: ID is not correct!
ERROR: 2022/06/29 20:38:41 user_grpc_api.go:47: Action: 1, Message: ID is not correct!
ERROR: 2022/06/29 21:38:34 user_grpc_api.go:47: Action: 1, Message: ID is not correct!
ERROR: 2022/06/29 21:38:34 user_grpc_api.go:47: Action: 1, Message: ID is not correct!
ERROR: 2022/06/29 21:40:12 user_grpc_api.go:47: Action: 1, Message: ID is not correct!
ERROR: 2022/06/29 21:40:12 user_grpc_api.go:47: Action: 1, Message: ID is not correct!
ERROR: 2022/06/29 21:52:54 user_grpc_api.go:47: Action: 1, Message: ID is not correct!
ERROR: 2022/06/29 21:52:54 user_grpc_api.go:47: Action: 1, Message: ID is not correct!

ERROR: 2022/07/03 11:39:14 user_grpc_api.go:82: Action: 1, Message: ID is not correct!
ERROR: 2022/07/03 11:39:14 user_grpc_api.go:82: Action: 1, Message: ID is not correct!
ERROR: 2022/07/03 11:41:41 user_grpc_api.go:82: Action: 1, Message: ID is not correct!
ERROR: 2022/07/03 11:41:41 user_grpc_api.go:82: Action: 1, Message: ID is not correct!
ERROR: 2022/07/03 11:59:34 user_grpc_api.go:83: Action: 1, Message: ID is not correct!
ERROR: 2022/07/03 11:59:34 user_grpc_api.go:83: Action: 1, Message: ID is not correct!
ERROR: 2022/07/03 13:45:06 user_grpc_api.go:83: Action: 1, Message: ID is not correct!
ERROR: 2022/07/03 13:45:23 user_grpc_api.go:83: Action: 1, Message: ID is not correct!
ERROR: 2022/07/03 13:45:29 user_grpc_api.go:83: Action: 1, Message: ID is not correct!
ERROR: 2022/07/03 13:45:37 user_grpc_api.go:83: Action: 1, Message: ID is not correct!
ERROR: 2022/07/03 13:45:41 user_grpc_api.go:83: Action: 1, Message: ID is not correct!
ERROR: 2022/07/03 13:45:48 user_grpc_api.go:83: Action: 1, Message: ID is not correct!
ERROR: 2022/07/03 13:45:56 user_grpc_api.go:83: Action: 1, Message: ID is not correct!
ERROR: 2022/07/03 13:46:08 user_grpc_api.go:83: Action: 1, Message: ID is not correct!
ERROR: 2022/07/03 13:46:08 user_grpc_api.go:83: Action: 1, Message: ID is not correct!
ERROR: 2022/07/03 13:48:30 user_grpc_api.go:83: Action: 1, Message: ID is not correct!
ERROR: 2022/07/03 13:48:30 user_grpc_api.go:83: Action: 1, Message: ID is not correct!
ERROR: 2022/07/03 13:51:16 user_grpc_api.go:83: Action: 1, Message: ID is not correct!
ERROR: 2022/07/03 13:51:16 user_grpc_api.go:83: Action: 1, Message: ID is not correct!
ERROR: 2022/07/03 13:52:12 user_grpc_api.go:83: Action: 1, Message: ID is not correct!
ERROR: 2022/07/03 13:52:12 user_grpc_api.go:83: Action: 1, Message: ID is not correct!
ERROR: 2022/07/03 13:53:02 user_grpc_api.go:83: Action: 1, Message: ID is not correct!
ERROR: 2022/07/03 13:53:02 user_grpc_api.go:83: Action: 1, Message: ID is not correct!
ERROR: 2022/07/03 14:19:30 user_grpc_api.go:83: Action: 1, Message: ID is not correct!
ERROR: 2022/07/03 14:19:30 user_grpc_api.go:83: Action: 1, Message: ID is not correct!
ERROR: 2022/07/03 14:39:12 user_grpc_api.go:83: Action: 1, Message: ID is not correct!
ERROR: 2022/07/03 14:39:12 user_grpc_api.go:83: Action: 1, Message: ID is not correct!
ERROR: 2022/07/03 14:49:57 user_grpc_api.go:83: Action: 1, Message: ID is not correct!
ERROR: 2022/07/03 14:49:57 user_grpc_api.go:83: Action: 1, Message: ID is not correct!
ERROR: 2022/07/03 14:50:31 user_grpc_api.go:83: Action: 1, Message: ID is not correct!
ERROR: 2022/07/03 14:50:31 user_grpc_api.go:83: Action: 1, Message: ID is not correct!
ERROR: 2022/07/03 14:51:34 user_grpc_api.go:83: Action: 1, Message: ID is not correct!
ERROR: 2022/07/03 14:51:34 user_grpc_api.go:83: Action: 1, Message: ID is not correct!
ERROR: 2022/07/03 14:54:13 user_grpc_api.go:83: Action: 1, Message: ID is not correct!
ERROR: 2022/07/03 14:54:13 user_grpc_api.go:83: Action: 1, Message: ID is not correct!
ERROR: 2022/07/03 15:04:14 user_grpc_api.go:83: Action: 1, Message: ID is not correct!
ERROR: 2022/07/03 15:04:14 user_grpc_api.go:83: Action: 1, Message: ID is not correct!
ERROR: 2022/07/03 15:05:10 user_grpc_api.go:83: Action: 1, Message: ID is not correct!
ERROR: 2022/07/03 15:05:10 user_grpc_api.go:83: Action: 1, Message: ID is not correct!
ERROR: 2022/07/03 15:05:38 user_grpc_api.go:83: Action: 1, Message: ID is not correct!
ERROR: 2022/07/03 15:05:38 user_grpc_api.go:83: Action: 1, Message: ID is not correct!
ERROR: 2022/07/03 15:17:02 user_grpc_api.go:83: Action: 1, Message: ID is not correct!
ERROR: 2022/07/03 15:17:02 user_grpc_api.go:83: Action: 1, Message: ID is not correct!
ERROR: 2022/07/03 15:17:57 user_grpc_api.go:83: Action: 1, Message: ID is not correct!
ERROR: 2022/07/03 15:17:57 user_grpc_api.go:83: Action: 1, Message: ID is not correct!
ERROR: 2022/07/03 15:18:44 user_grpc_api.go:83: Action: 1, Message: ID is not correct!
ERROR: 2022/07/03 15:18:44 user_grpc_api.go:83: Action: 1, Message: ID is not correct!
ERROR: 2022/07/03 15:19:29 user_grpc_api.go:83: Action: 1, Message: ID is not correct!
ERROR: 2022/07/03 15:19:29 user_grpc_api.go:83: Action: 1, Message: ID is not correct!
ERROR: 2022/07/03 15:21:42 user_grpc_api.go:83: Action: 1, Message: ID is not correct!
ERROR: 2022/07/03 15:21:42 user_grpc_api.go:83: Action: 1, Message: ID is not correct!
ERROR: 2022/07/03 15:23:59 user_grpc_api.go:83: Action: 1, Message: ID is not correct!
ERROR: 2022/07/03 15:23:59 user_grpc_api.go:83: Action: 1, Message: ID is not correct!
ERROR: 2022/07/03 15:24:42 user_grpc_api.go:83: Action: 1, Message: ID is not correct!
ERROR: 2022/07/03 15:24:42 user_grpc_api.go:83: Action: 1, Message: ID is not correct!
ERROR: 2022/07/03 15:30:47 user_grpc_api.go:83: Action: 1, Message: ID is not correct!
ERROR: 2022/07/03 15:30:47 user_grpc_api.go:83: Action: 1, Message: ID is not correct!
ERROR: 2022/07/03 15:31:32 user_grpc_api.go:83: Action: 1, Message: ID is not correct!
ERROR: 2022/07/03 15:31:32 user_grpc_api.go:83: Action: 1, Message: ID is not correct!
ERROR: 2022/07/03 15:42:21 user_grpc_api.go:83: Action: 1, Message: ID is not correct!
ERROR: 2022/07/03 15:42:21 user_grpc_api.go:83: Action: 1, Message: ID is not correct!
ERROR: 2022/07/03 15:43:05 user_grpc_api.go:83: Action: 1, Message: ID is not correct!
ERROR: 2022/07/03 15:43:06 user_grpc_api.go:83: Action: 1, Message: ID is not correct!
ERROR: 2022/07/03 15:46:30 user_grpc_api.go:83: Action: 1, Message: ID is not correct!
ERROR: 2022/07/03 15:46:30 user_grpc_api.go:83: Action: 1, Message: ID is not correct!
ERROR: 2022/07/03 15:47:08 user_grpc_api.go:83: Action: 1, Message: ID is not correct!
ERROR: 2022/07/03 15:47:08 user_grpc_api.go:83: Action: 1, Message: ID is not correct!
ERROR: 2022/07/03 15:58:53 user_grpc_api.go:83: Action: 1, Message: ID is not correct!
ERROR: 2022/07/03 15:58:53 user_grpc_api.go:83: Action: 1, Message: ID is not correct!
ERROR: 2022/07/03 16:02:54 user_grpc_api.go:83: Action: 1, Message: ID is not correct!
ERROR: 2022/07/03 16:02:54 user_grpc_api.go:83: Action: 1, Message: ID is not correct!
ERROR: 2022/07/03 16:10:44 user_grpc_api.go:83: Action: 1, Message: ID is not correct!
ERROR: 2022/07/03 16:10:45 user_grpc_api.go:83: Action: 1, Message: ID is not correct!
ERROR: 2022/07/03 16:11:33 user_grpc_api.go:83: Action: 1, Message: ID is not correct!
ERROR: 2022/07/03 16:11:33 user_grpc_api.go:83: Action: 1, Message: ID is not correct!
ERROR: 2022/07/03 18:29:31 user_grpc_api.go:83: Action: 1, Message: ID is not correct!
ERROR: 2022/07/03 18:29:31 user_grpc_api.go:83: Action: 1, Message: ID is not correct!
ERROR: 2022/07/03 18:29:39 user_grpc_api.go:83: Action: 1, Message: ID is not correct!
ERROR: 2022/07/03 18:29:39 user_grpc_api.go:83: Action: 1, Message: ID is not correct!
ERROR: 2022/07/03 18:30:03 user_grpc_api.go:83: Action: 1, Message: ID is not correct!
ERROR: 2022/07/03 18:30:03 user_grpc_api.go:83: Action: 1, Message: ID is not correct!
ERROR: 2022/07/03 18:30:17 user_grpc_api.go:83: Action: 1, Message: ID is not correct!
ERROR: 2022/07/03 18:30:17 user_grpc_api.go:83: Action: 1, Message: ID is not correct!
ERROR: 2022/07/03 18:30:20 user_grpc_api.go:83: Action: 1, Message: ID is not correct!
ERROR: 2022/07/03 18:30:20 user_grpc_api.go:83: Action: 1, Message: ID is not correct!
ERROR: 2022/07/03 18:31:36 user_grpc_api.go:83: Action: 1, Message: ID is not correct!
ERROR: 2022/07/03 18:31:36 user_grpc_api.go:83: Action: 1, Message: ID is not correct!
ERROR: 2022/07/03 18:39:13 user_grpc_api.go:83: Action: 1, Message: ID is not correct!
ERROR: 2022/07/03 18:39:13 user_grpc_api.go:83: Action: 1, Message: ID is not correct!
ERROR: 2022/07/03 18:51:12 user_grpc_api.go:83: Action: 1, Message: ID is not correct!
ERROR: 2022/07/03 18:51:12 user_grpc_api.go:83: Action: 1, Message: ID is not correct!
ERROR: 2022/07/03 18:59:19 user_grpc_api.go:83: Action: 1, Message: ID is not correct!
ERROR: 2022/07/03 18:59:19 user_grpc_api.go:83: Action: 1, Message: ID is not correct!
ERROR: 2022/07/03 18:59:55 user_grpc_api.go:83: Action: 1, Message: ID is not correct!
ERROR: 2022/07/03 18:59:55 user_grpc_api.go:83: Action: 1, Message: ID is not correct!
ERROR: 2022/07/03 19:01:47 user_grpc_api.go:83: Action: 1, Message: ID is not correct!
ERROR: 2022/07/03 19:01:47 user_grpc_api.go:83: Action: 1, Message: ID is not correct!
ERROR: 2022/07/03 19:01:59 user_grpc_api.go:83: Action: 1, Message: ID is not correct!
ERROR: 2022/07/03 19:01:59 user_grpc_api.go:83: Action: 1, Message: ID is not correct!
ERROR: 2022/07/03 19:02:46 user_grpc_api.go:83: Action: 1, Message: ID is not correct!
ERROR: 2022/07/03 19:02:46 user_grpc_api.go:83: Action: 1, Message: ID is not correct!
ERROR: 2022/07/03 19:02:49 user_grpc_api.go:83: Action: 1, Message: ID is not correct!
ERROR: 2022/07/03 19:02:49 user_grpc_api.go:83: Action: 1, Message: ID is not correct!
ERROR: 2022/07/03 19:04:41 user_grpc_api.go:83: Action: 1, Message: ID is not correct!
ERROR: 2022/07/03 19:04:41 user_grpc_api.go:83: Action: 1, Message: ID is not correct!
ERROR: 2022/07/03 19:04:44 user_grpc_api.go:83: Action: 1, Message: ID is not correct!
ERROR: 2022/07/03 19:04:44 user_grpc_api.go:83: Action: 1, Message: ID is not correct!
ERROR: 2022/07/03 19:06:36 user_grpc_api.go:83: Action: 1, Message: ID is not correct!
ERROR: 2022/07/03 19:06:36 user_grpc_api.go:83: Action: 1, Message: ID is not correct!
ERROR: 2022/07/03 19:06:41 user_grpc_api.go:83: Action: 1, Message: ID is not correct!
ERROR: 2022/07/03 19:06:41 user_grpc_api.go:83: Action: 1, Message: ID is not correct!
ERROR: 2022/07/03 19:07:00 user_grpc_api.go:83: Action: 1, Message: ID is not correct!
ERROR: 2022/07/03 19:07:00 user_grpc_api.go:83: Action: 1, Message: ID is not correct!
ERROR: 2022/07/03 19:08:03 user_grpc_api.go:83: Action: 1, Message: ID is not correct!
ERROR: 2022/07/03 19:08:03 user_grpc_api.go:83: Action: 1, Message: ID is not correct!
ERROR: 2022/07/03 19:08:21 user_grpc_api.go:83: Action: 1, Message: ID is not correct!
ERROR: 2022/07/03 19:08:21 user_grpc_api.go:83: Action: 1, Message: ID is not correct!
ERROR: 2022/07/03 19:11:10 user_grpc_api.go:83: Action: 1, Message: ID is not correct!
ERROR: 2022/07/03 19:11:10 user_grpc_api.go:83: Action: 1, Message: ID is not correct!
ERROR: 2022/07/03 19:13:34 user_grpc_api.go:83: Action: 1, Message: ID is not correct!
ERROR: 2022/07/03 19:13:34 user_grpc_api.go:83: Action: 1, Message: ID is not correct!
ERROR: 2022/07/03 19:23:57 user_grpc_api.go:83: Action: 1, Message: ID is not correct!
ERROR: 2022/07/03 19:23:57 user_grpc_api.go:83: Action: 1, Message: ID is not correct!
ERROR: 2022/07/03 19:23:57 user_grpc_api.go:83: Action: 1, Message: ID is not correct!
ERROR: 2022/07/03 19:23:57 user_grpc_api.go:83: Action: 1, Message: ID is not correct!
ERROR: 2022/07/03 19:23:57 user_grpc_api.go:83: Action: 1, Message: ID is not correct!
ERROR: 2022/07/03 19:23:57 user_grpc_api.go:83: Action: 1, Message: ID is not correct!
ERROR: 2022/07/03 19:25:06 user_grpc_api.go:83: Action: 1, Message: ID is not correct!
ERROR: 2022/07/03 19:25:06 user_grpc_api.go:83: Action: 1, Message: ID is not correct!
ERROR: 2022/07/03 19:25:06 user_grpc_api.go:83: Action: 1, Message: ID is not correct!
ERROR: 2022/07/03 19:25:06 user_grpc_api.go:83: Action: 1, Message: ID is not correct!
ERROR: 2022/07/03 19:25:06 user_grpc_api.go:83: Action: 1, Message: ID is not correct!
ERROR: 2022/07/03 19:25:06 user_grpc_api.go:83: Action: 1, Message: ID is not correct!
ERROR: 2022/07/03 19:33:09 server.go:210: Action: 34, Message: Authorization token is not supplied!
ERROR: 2022/07/03 19:33:09 server.go:210: Action: 34, Message: Authorization token is not supplied!
ERROR: 2022/07/03 19:33:09 server.go:210: Action: 34, Message: Authorization token is not supplied!
ERROR: 2022/07/03 19:33:09 server.go:210: Action: 34, Message: Authorization token is not supplied!
ERROR: 2022/07/03 19:33:11 server.go:210: Action: 34, Message: Authorization token is not supplied!
ERROR: 2022/07/03 19:33:11 server.go:210: Action: 34, Message: Authorization token is not supplied!
ERROR: 2022/07/03 19:33:11 server.go:210: Action: 34, Message: Authorization token is not supplied!
ERROR: 2022/07/03 19:33:11 server.go:210: Action: 34, Message: Authorization token is not supplied!
ERROR: 2022/07/03 19:33:24 server.go:210: Action: 34, Message: Authorization token is not supplied!
ERROR: 2022/07/03 19:33:24 server.go:210: Action: 34, Message: Authorization token is not supplied!
ERROR: 2022/07/03 19:33:24 server.go:210: Action: 34, Message: Authorization token is not supplied!
ERROR: 2022/07/03 19:33:24 server.go:210: Action: 34, Message: Authorization token is not supplied!
ERROR: 2022/07/03 19:33:25 server.go:210: Action: 34, Message: Authorization token is not supplied!
ERROR: 2022/07/03 19:33:25 server.go:210: Action: 34, Message: Authorization token is not supplied!
ERROR: 2022/07/03 19:33:25 server.go:210: Action: 34, Message: Authorization token is not supplied!
ERROR: 2022/07/03 19:33:25 server.go:210: Action: 34, Message: Authorization token is not supplied!
ERROR: 2022/07/03 19:34:32 server.go:210: Action: 34, Message: Authorization token is not supplied!
ERROR: 2022/07/03 19:34:32 server.go:210: Action: 34, Message: Authorization token is not supplied!
ERROR: 2022/07/03 19:34:32 server.go:210: Action: 34, Message: Authorization token is not supplied!
ERROR: 2022/07/03 19:34:32 server.go:210: Action: 34, Message: Authorization token is not supplied!
ERROR: 2022/07/03 19:34:35 server.go:210: Action: 34, Message: Authorization token is not supplied!
ERROR: 2022/07/03 19:34:35 server.go:210: Action: 34, Message: Authorization token is not supplied!
ERROR: 2022/07/03 19:34:35 server.go:210: Action: 34, Message: Authorization token is not supplied!
ERROR: 2022/07/03 19:34:35 server.go:210: Action: 34, Message: Authorization token is not supplied!
ERROR: 2022/07/03 19:34:38 server.go:210: Action: 34, Message: Authorization token is not supplied!
ERROR: 2022/07/03 19:34:38 server.go:210: Action: 34, Message: Authorization token is not supplied!
ERROR: 2022/07/03 19:34:38 server.go:210: Action: 34, Message: Authorization token is not supplied!
ERROR: 2022/07/03 19:34:38 server.go:210: Action: 34, Message: Authorization token is not supplied!
ERROR: 2022/07/03 19:34:40 server.go:210: Action: 34, Message: Authorization token is not supplied!
ERROR: 2022/07/03 19:34:40 server.go:210: Action: 34, Message: Authorization token is not supplied!
ERROR: 2022/07/03 19:34:40 server.go:210: Action: 34, Message: Authorization token is not supplied!
ERROR: 2022/07/03 19:34:40 server.go:210: Action: 34, Message: Authorization token is not supplied!
ERROR: 2022/07/03 19:34:45 server.go:210: Action: 34, Message: Authorization token is not supplied!
ERROR: 2022/07/03 19:34:45 server.go:210: Action: 34, Message: Authorization token is not supplied!
ERROR: 2022/07/03 19:34:45 server.go:210: Action: 34, Message: Authorization token is not supplied!
ERROR: 2022/07/03 19:34:45 server.go:210: Action: 34, Message: Authorization token is not supplied!
ERROR: 2022/07/03 19:34:48 server.go:210: Action: 34, Message: Authorization token is not supplied!
ERROR: 2022/07/03 19:34:48 server.go:210: Action: 34, Message: Authorization token is not supplied!
ERROR: 2022/07/03 19:34:48 server.go:210: Action: 34, Message: Authorization token is not supplied!
ERROR: 2022/07/03 19:34:48 server.go:210: Action: 34, Message: Authorization token is not supplied!
ERROR: 2022/07/03 19:34:51 server.go:210: Action: 34, Message: Authorization token is not supplied!
ERROR: 2022/07/03 19:34:51 server.go:210: Action: 34, Message: Authorization token is not supplied!
ERROR: 2022/07/03 19:34:51 server.go:210: Action: 34, Message: Authorization token is not supplied!
ERROR: 2022/07/03 19:34:51 server.go:210: Action: 34, Message: Authorization token is not supplied!
ERROR: 2022/07/03 19:34:52 server.go:210: Action: 34, Message: Authorization token is not supplied!
ERROR: 2022/07/03 19:34:52 server.go:210: Action: 34, Message: Authorization token is not supplied!
ERROR: 2022/07/03 19:34:52 server.go:210: Action: 34, Message: Authorization token is not supplied!
ERROR: 2022/07/03 19:34:52 server.go:210: Action: 34, Message: Authorization token is not supplied!
ERROR: 2022/07/03 19:34:52 server.go:210: Action: 34, Message: Authorization token is not supplied!
ERROR: 2022/07/03 19:34:52 server.go:210: Action: 34, Message: Authorization token is not supplied!
ERROR: 2022/07/03 19:34:52 server.go:210: Action: 34, Message: Authorization token is not supplied!
ERROR: 2022/07/03 19:34:52 server.go:210: Action: 34, Message: Authorization token is not supplied!
ERROR: 2022/07/03 19:34:53 server.go:210: Action: 34, Message: Authorization token is not supplied!
ERROR: 2022/07/03 19:34:53 server.go:210: Action: 34, Message: Authorization token is not supplied!
ERROR: 2022/07/03 19:34:53 server.go:210: Action: 34, Message: Authorization token is not supplied!
ERROR: 2022/07/03 19:34:53 server.go:210: Action: 34, Message: Authorization token is not supplied!
ERROR: 2022/07/03 19:34:59 server.go:210: Action: 34, Message: Authorization token is not supplied!
ERROR: 2022/07/03 19:34:59 server.go:210: Action: 34, Message: Authorization token is not supplied!
ERROR: 2022/07/03 19:34:59 server.go:210: Action: 34, Message: Authorization token is not supplied!
ERROR: 2022/07/03 19:34:59 server.go:210: Action: 34, Message: Authorization token is not supplied!
ERROR: 2022/07/03 19:39:54 server.go:210: Action: 34, Message: Authorization token is not supplied!
ERROR: 2022/07/03 19:39:54 server.go:210: Action: 34, Message: Authorization token is not supplied!
ERROR: 2022/07/03 19:39:54 server.go:210: Action: 34, Message: Authorization token is not supplied!
ERROR: 2022/07/03 19:39:54 server.go:210: Action: 34, Message: Authorization token is not supplied!
ERROR: 2022/07/03 19:43:28 server.go:210: Action: 34, Message: Authorization token is not supplied!
ERROR: 2022/07/03 19:43:28 server.go:210: Action: 34, Message: Authorization token is not supplied!
ERROR: 2022/07/03 19:43:28 server.go:210: Action: 34, Message: Authorization token is not supplied!
ERROR: 2022/07/03 19:43:28 server.go:210: Action: 34, Message: Authorization token is not supplied!
ERROR: 2022/07/03 19:43:33 server.go:210: Action: 34, Message: Authorization token is not supplied!
ERROR: 2022/07/03 19:43:33 server.go:210: Action: 34, Message: Authorization token is not supplied!
ERROR: 2022/07/03 19:43:33 server.go:210: Action: 34, Message: Authorization token is not supplied!
ERROR: 2022/07/03 19:43:33 server.go:210: Action: 34, Message: Authorization token is not supplied!
ERROR: 2022/07/03 19:43:36 server.go:210: Action: 34, Message: Authorization token is not supplied!
ERROR: 2022/07/03 19:43:36 server.go:210: Action: 34, Message: Authorization token is not supplied!
ERROR: 2022/07/03 19:43:36 server.go:210: Action: 34, Message: Authorization token is not supplied!
ERROR: 2022/07/03 19:43:36 server.go:210: Action: 34, Message: Authorization token is not supplied!
ERROR: 2022/07/03 19:43:39 server.go:210: Action: 34, Message: Authorization token is not supplied!
ERROR: 2022/07/03 19:43:39 server.go:210: Action: 34, Message: Authorization token is not supplied!
ERROR: 2022/07/03 19:43:39 server.go:210: Action: 34, Message: Authorization token is not supplied!
ERROR: 2022/07/03 19:43:39 server.go:210: Action: 34, Message: Authorization token is not supplied!
ERROR: 2022/07/03 19:43:42 server.go:210: Action: 34, Message: Authorization token is not supplied!
ERROR: 2022/07/03 19:43:42 server.go:210: Action: 34, Message: Authorization token is not supplied!
ERROR: 2022/07/03 19:43:42 server.go:210: Action: 34, Message: Authorization token is not supplied!
ERROR: 2022/07/03 19:43:42 server.go:210: Action: 34, Message: Authorization token is not supplied!
ERROR: 2022/07/03 19:43:45 server.go:210: Action: 34, Message: Authorization token is not supplied!
ERROR: 2022/07/03 19:43:45 server.go:210: Action: 34, Message: Authorization token is not supplied!
ERROR: 2022/07/03 19:43:45 server.go:210: Action: 34, Message: Authorization token is not supplied!
ERROR: 2022/07/03 19:43:45 server.go:210: Action: 34, Message: Authorization token is not supplied!
ERROR: 2022/07/03 19:43:51 server.go:210: Action: 34, Message: Authorization token is not supplied!
ERROR: 2022/07/03 19:43:51 server.go:210: Action: 34, Message: Authorization token is not supplied!
ERROR: 2022/07/03 19:43:51 server.go:210: Action: 34, Message: Authorization token is not supplied!
ERROR: 2022/07/03 19:43:51 server.go:210: Action: 34, Message: Authorization token is not supplied!
ERROR: 2022/07/03 19:44:34 server.go:210: Action: 34, Message: Authorization token is not supplied!
ERROR: 2022/07/03 19:44:34 server.go:210: Action: 34, Message: Authorization token is not supplied!
ERROR: 2022/07/03 19:44:34 server.go:210: Action: 34, Message: Authorization token is not supplied!
ERROR: 2022/07/03 19:44:34 server.go:210: Action: 34, Message: Authorization token is not supplied!
ERROR: 2022/07/03 19:45:49 server.go:210: Action: 34, Message: Authorization token is not supplied!
ERROR: 2022/07/03 19:45:49 server.go:210: Action: 34, Message: Authorization token is not supplied!
ERROR: 2022/07/03 19:45:49 server.go:210: Action: 34, Message: Authorization token is not supplied!
ERROR: 2022/07/03 19:45:49 server.go:210: Action: 34, Message: Authorization token is not supplied!
ERROR: 2022/07/03 19:46:16 server.go:210: Action: 34, Message: Authorization token is not supplied!
ERROR: 2022/07/03 19:46:16 server.go:210: Action: 34, Message: Authorization token is not supplied!
ERROR: 2022/07/03 19:46:16 server.go:210: Action: 34, Message: Authorization token is not supplied!
ERROR: 2022/07/03 19:46:16 server.go:210: Action: 34, Message: Authorization token is not supplied!
ERROR: 2022/07/03 19:46:27 server.go:210: Action: 34, Message: Authorization token is not supplied!
ERROR: 2022/07/03 19:46:27 server.go:210: Action: 34, Message: Authorization token is not supplied!
ERROR: 2022/07/03 19:46:27 server.go:210: Action: 34, Message: Authorization token is not supplied!
ERROR: 2022/07/03 19:46:27 server.go:210: Action: 34, Message: Authorization token is not supplied!
ERROR: 2022/07/03 19:46:30 server.go:210: Action: 34, Message: Authorization token is not supplied!
ERROR: 2022/07/03 19:46:30 server.go:210: Action: 34, Message: Authorization token is not supplied!
ERROR: 2022/07/03 19:46:30 server.go:210: Action: 34, Message: Authorization token is not supplied!
ERROR: 2022/07/03 19:46:30 server.go:210: Action: 34, Message: Authorization token is not supplied!
ERROR: 2022/07/03 19:46:52 server.go:210: Action: 34, Message: Authorization token is not supplied!
ERROR: 2022/07/03 19:46:52 server.go:210: Action: 34, Message: Authorization token is not supplied!
ERROR: 2022/07/03 19:46:52 server.go:210: Action: 34, Message: Authorization token is not supplied!
ERROR: 2022/07/03 19:46:52 server.go:210: Action: 34, Message: Authorization token is not supplied!
ERROR: 2022/07/03 19:46:55 server.go:210: Action: 34, Message: Authorization token is not supplied!
ERROR: 2022/07/03 19:46:55 server.go:210: Action: 34, Message: Authorization token is not supplied!
ERROR: 2022/07/03 19:46:55 server.go:210: Action: 34, Message: Authorization token is not supplied!
ERROR: 2022/07/03 19:46:55 server.go:210: Action: 34, Message: Authorization token is not supplied!
ERROR: 2022/07/03 19:47:00 server.go:210: Action: 34, Message: Authorization token is not supplied!
ERROR: 2022/07/03 19:47:00 server.go:210: Action: 34, Message: Authorization token is not supplied!
ERROR: 2022/07/03 19:47:00 server.go:210: Action: 34, Message: Authorization token is not supplied!
ERROR: 2022/07/03 19:47:00 server.go:210: Action: 34, Message: Authorization token is not supplied!
ERROR: 2022/07/03 19:48:31 server.go:210: Action: 34, Message: Authorization token is not supplied!
ERROR: 2022/07/03 19:48:31 server.go:210: Action: 34, Message: Authorization token is not supplied!
ERROR: 2022/07/03 19:48:31 server.go:210: Action: 34, Message: Authorization token is not supplied!
ERROR: 2022/07/03 19:48:31 server.go:210: Action: 34, Message: Authorization token is not supplied!
ERROR: 2022/07/03 21:24:49 user_grpc_api.go:83: Action: 1, Message: ID is not correct!
ERROR: 2022/07/03 21:24:49 user_grpc_api.go:83: Action: 1, Message: ID is not correct!
ERROR: 2022/07/03 21:24:54 user_grpc_api.go:83: Action: 1, Message: ID is not correct!
ERROR: 2022/07/03 21:24:54 user_grpc_api.go:83: Action: 1, Message: ID is not correct!
ERROR: 2022/07/03 21:33:16 server.go:212: Action: 34, Message: Authorization token is not supplied!
ERROR: 2022/07/03 21:33:16 server.go:212: Action: 34, Message: Authorization token is not supplied!
ERROR: 2022/07/03 21:33:29 server.go:212: Action: 34, Message: Authorization token is not supplied!
ERROR: 2022/07/03 21:33:29 server.go:212: Action: 34, Message: Authorization token is not supplied!
ERROR: 2022/07/03 21:34:44 server.go:212: Action: 34, Message: Authorization token is not supplied!
ERROR: 2022/07/03 21:34:44 server.go:212: Action: 34, Message: Authorization token is not supplied!
ERROR: 2022/07/03 21:35:03 server.go:212: Action: 34, Message: Authorization token is not supplied!
ERROR: 2022/07/03 21:35:03 server.go:212: Action: 34, Message: Authorization token is not supplied!
ERROR: 2022/07/03 21:35:16 server.go:212: Action: 34, Message: Authorization token is not supplied!
ERROR: 2022/07/03 21:35:16 server.go:212: Action: 34, Message: Authorization token is not supplied!
ERROR: 2022/07/03 21:35:20 server.go:212: Action: 34, Message: Authorization token is not supplied!
ERROR: 2022/07/03 21:35:20 server.go:212: Action: 34, Message: Authorization token is not supplied!
ERROR: 2022/07/03 21:35:29 server.go:212: Action: 34, Message: Authorization token is not supplied!
ERROR: 2022/07/03 21:35:29 server.go:212: Action: 34, Message: Authorization token is not supplied!
ERROR: 2022/07/03 21:35:38 server.go:212: Action: 34, Message: Authorization token is not supplied!
ERROR: 2022/07/03 21:35:38 server.go:212: Action: 34, Message: Authorization token is not supplied!
